2023-05-10T07:09:40+00:00 DEBUG tt4b_product_sync: missing access token for tt4b_product_sync
2023-05-10T07:09:57+00:00 DEBUG tt4b_product_sync: missing access token for tt4b_product_sync
2023-05-10T07:10:13+00:00 DEBUG tt4b_product_sync: missing access token for tt4b_product_sync
2023-05-10T07:12:01+00:00 DEBUG tt4b_product_sync: missing access token for tt4b_product_sync
2023-05-10T07:19:16+00:00 DEBUG tt4b_product_sync: missing access token for tt4b_product_sync
2023-05-10T07:19:50+00:00 DEBUG Tt4b_Pixel_Class::inject_view_content_event: hit injectViewContentEvent
2023-05-10T07:19:50+00:00 DEBUG Tt4b_Pixel_Class::inject_view_content_event: Missing option "access_token"
2023-05-10T07:21:08+00:00 DEBUG Tt4b_Pixel_Class::inject_view_content_event: hit injectViewContentEvent
2023-05-10T07:21:08+00:00 DEBUG Tt4b_Pixel_Class::inject_view_content_event: Missing option "access_token"
2023-05-10T07:21:44+00:00 DEBUG Tt4b_Pixel_Class::inject_add_to_cart_event: hit injectAddToCartEvent
2023-05-10T07:21:44+00:00 DEBUG Tt4b_Pixel_Class::inject_add_to_cart_event: Missing option "access_token"
2023-05-10T07:22:27+00:00 DEBUG Tt4b_Pixel_Class::inject_start_checkout: hit injectStartCheckout
2023-05-10T07:22:27+00:00 DEBUG Tt4b_Pixel_Class::inject_start_checkout: Missing option "access_token"
2023-05-10T07:25:07+00:00 DEBUG Tt4b_Pixel_Class::inject_purchase_event: hit injectPurchaseEvent
2023-05-10T07:25:07+00:00 DEBUG Tt4b_Pixel_Class::inject_purchase_event: Missing option "access_token"
2023-05-10T07:38:34+00:00 DEBUG tt4b_product_sync: missing access token for tt4b_product_sync
2023-05-10T07:38:34+00:00 DEBUG tt4b_product_sync: missing access token for tt4b_product_sync
2023-05-10T07:38:35+00:00 DEBUG tt4b_product_sync: missing access token for tt4b_product_sync
2023-05-10T07:38:35+00:00 DEBUG tt4b_product_sync: missing access token for tt4b_product_sync
2023-05-10T07:38:35+00:00 DEBUG tt4b_product_sync: missing access token for tt4b_product_sync
2023-05-10T07:38:35+00:00 DEBUG tt4b_product_sync: missing access token for tt4b_product_sync
2023-05-10T07:38:35+00:00 DEBUG tt4b_product_sync: missing access token for tt4b_product_sync
2023-05-10T07:38:35+00:00 DEBUG tt4b_product_sync: missing access token for tt4b_product_sync
2023-05-10T07:38:35+00:00 DEBUG tt4b_product_sync: missing access token for tt4b_product_sync
